<?xml version="1.0" encoding="utf-8"?><testsuites name="pytest tests"><testsuite name="pytest" errors="0" failures="0" skipped="0" tests="17" time="2.315" timestamp="2026-02-02T19:38:27.977721+00:00" hostname="agent-env-932f6638-af25-495f-975e-4d1d0849d698"><testcase classname="backend.tests.test_pagination_attachments.TestPaginationAPI" name="test_pagination_returns_correct_structure" time="0.353" /><testcase classname="backend.tests.test_pagination_attachments.TestPaginationAPI" name="test_pagination_page_1_per_page_5" time="0.044" /><testcase classname="backend.tests.test_pagination_attachments.TestPaginationAPI" name="test_pagination_page_2_per_page_10" time="0.037" /><testcase classname="backend.tests.test_pagination_attachments.TestPaginationAPI" name="test_pagination_total_pages_calculation" time="0.048" /><testcase classname="backend.tests.test_pagination_attachments.TestPaginationAPI" name="test_pagination_without_params_returns_all" time="0.054" /><testcase classname="backend.tests.test_pagination_attachments.TestPaginationAPI" name="test_pagination_different_per_page_values" time="0.168" /><testcase classname="backend.tests.test_pagination_attachments.TestAttachmentsAPI" name="test_upload_attachment_to_case" time="0.081" /><testcase classname="backend.tests.test_pagination_attachments.TestAttachmentsAPI" name="test_attachment_appears_in_case" time="0.165" /><testcase classname="backend.tests.test_pagination_attachments.TestAttachmentsAPI" name="test_download_attachment" time="0.162" /><testcase classname="backend.tests.test_pagination_attachments.TestAttachmentsAPI" name="test_delete_attachment" time="0.157" /><testcase classname="backend.tests.test_pagination_attachments.TestAttachmentsAPI" name="test_upload_invalid_file_type" time="0.083" /><testcase classname="backend.tests.test_pagination_attachments.TestAttachmentsAPI" name="test_attachment_metadata" time="0.160" /><testcase classname="backend.tests.test_pagination_attachments.TestAttachmentFileTypes" name="test_allowed_file_types[.txt-text/plain]" time="0.123" /><testcase classname="backend.tests.test_pagination_attachments.TestAttachmentFileTypes" name="test_allowed_file_types[.pdf-application/pdf]" time="0.127" /><testcase classname="backend.tests.test_pagination_attachments.TestAttachmentFileTypes" name="test_allowed_file_types[.png-image/png]" time="0.121" /><testcase classname="backend.tests.test_pagination_attachments.TestAttachmentFileTypes" name="test_allowed_file_types[.jpg-image/jpeg]" time="0.169" /><testcase classname="backend.tests.test_pagination_attachments.TestAttachmentFileTypes" name="test_allowed_file_types[.csv-text/csv]" time="0.128" /></testsuite></testsuites>