<?xml version="1.0" encoding="utf-8"?><testsuites name="pytest tests"><testsuite name="pytest" errors="0" failures="0" skipped="0" tests="9" time="3.166" timestamp="2026-02-02T16:32:51.840556+00:00" hostname="agent-env-dd5fdb02-2684-4d11-83ee-62a9fad8ea85"><testcase classname="backend.tests.test_resolution_notes.TestResolutionNotesFeature" name="test_01_login_admin" time="0.329" /><testcase classname="backend.tests.test_resolution_notes.TestResolutionNotesFeature" name="test_02_create_test_case" time="0.281" /><testcase classname="backend.tests.test_resolution_notes.TestResolutionNotesFeature" name="test_03_update_case_with_resolution_fields" time="0.347" /><testcase classname="backend.tests.test_resolution_notes.TestResolutionNotesFeature" name="test_04_get_case_returns_resolution_fields" time="0.365" /><testcase classname="backend.tests.test_resolution_notes.TestResolutionNotesFeature" name="test_05_update_without_resolution_keeps_existing" time="0.404" /><testcase classname="backend.tests.test_resolution_notes.TestResolutionNotesFeature" name="test_06_case_model_has_resolution_fields" time="0.291" /><testcase classname="backend.tests.test_resolution_notes.TestResolutionNotesFeature" name="test_07_list_cases_includes_resolution_fields" time="0.342" /><testcase classname="backend.tests.test_resolution_notes.TestEdgeCases" name="test_empty_solution_allowed" time="0.306" /><testcase classname="backend.tests.test_resolution_notes.TestEdgeCases" name="test_update_solution_on_already_completed_case" time="0.381" /></testsuite></testsuites>